0 info it worked if it ends with ok
1 verbose cli [ 'node', '/Users/switchthomas/.node/bin/npm', 'start' ]
2 info using npm@2.14.1
3 info using node@v0.12.7
4 verbose stack Error: missing script: start
4 verbose stack     at run (/Users/switchthomas/.node/lib/node_modules/npm/lib/run-script.js:142:19)
4 verbose stack     at /Users/switchthomas/.node/lib/node_modules/npm/lib/run-script.js:58:5
4 verbose stack     at /Users/switchthomas/.node/lib/node_modules/npm/node_modules/read-package-json/read-json.js:345:5
4 verbose stack     at checkBinReferences_ (/Users/switchthomas/.node/lib/node_modules/npm/node_modules/read-package-json/read-json.js:309:45)
4 verbose stack     at final (/Users/switchthomas/.node/lib/node_modules/npm/node_modules/read-package-json/read-json.js:343:3)
4 verbose stack     at then (/Users/switchthomas/.node/lib/node_modules/npm/node_modules/read-package-json/read-json.js:113:5)
4 verbose stack     at /Users/switchthomas/.node/lib/node_modules/npm/node_modules/read-package-json/read-json.js:297:29
4 verbose stack     at evalmachine.<anonymous>:263:20
4 verbose stack     at OpenReq.Req.done (/Users/switchthomas/.node/lib/node_modules/npm/node_modules/read-package-json/node_modules/graceful-fs/graceful-fs.js:141:5)
4 verbose stack     at OpenReq.done (/Users/switchthomas/.node/lib/node_modules/npm/node_modules/read-package-json/node_modules/graceful-fs/graceful-fs.js:61:22)
5 verbose cwd /Users/switchthomas/Desktop/Carolyn/Scott_CU3
6 error Darwin 14.4.0
7 error argv "node" "/Users/switchthomas/.node/bin/npm" "start"
8 error node v0.12.7
9 error npm  v2.14.1
10 error missing script: start
11 error If you need help, you may report this error at:
11 error     <https://github.com/npm/npm/issues>
12 verbose exit [ 1, true ]
